SHELL=/usr/local/bin/bash
ITERM_PROFILE=Bob’s Default
COLORTERM=truecolor
XPC_FLAGS=0x0
TERM_PROGRAM_VERSION=3.4.16
CONDA_EXE=/Users/Bob/opt/anaconda3/bin/conda
_CE_M=
h2p=h2p.crc.pitt.edu
__CFBundleIdentifier=com.googlecode.iterm2
SSH_AUTH_SOCK=/private/tmp/com.apple.launchd.G0MBlFeKzU/Listeners
TERM_SESSION_ID=w0t0p0:723E7F35-E133-4A3F-8EC3-6F009CB81CB4
ITERM_PREV_PS1=\[]133;D;$?]133;A\]\[\e[0;33m\]\u\[\e[0m\]@\[\e[0;32m\]\h\[\e[0m\]:\[\e[0;34m\]\W\[\e[0m\]\$ \[]133;B\]
GPG_TTY=/dev/ttys000
ITERM_ORIG_PS1=\[\e[0;33m\]\u\[\e[0m\]@\[\e[0;32m\]\h\[\e[0m\]:\[\e[0;34m\]\W\[\e[0m\]\$ 
PWD=/Users/Bob/Documents/git-projects/bcaddy.github.io
LOGNAME=Bob
CONDA_PREFIX=/Users/Bob/opt/anaconda3
COMMAND_MODE=unix2003
ITERM_SESSION_ID=w0t0p0:723E7F35-E133-4A3F-8EC3-6F009CB81CB4
HOME=/Users/Bob
LANG=en_US.UTF-8
PYTHONSTARTUP=/Users/Bob/dotfiles/pythonrc.py
CONDA_PROMPT_MODIFIER=(base) 
TMPDIR=/var/folders/c_/xfg5_lrj1q90t9vd2c7h49nw0000gn/T/
LC_TERMINAL=iTerm2
TERM=xterm-color
_CE_CONDA=
USER=Bob
COLORFGBG=15;0
CONDA_SHLVL=1
LC_TERMINAL_VERSION=3.4.16
DISPLAY=/private/tmp/com.apple.launchd.LhMGmrL3LR/org.xquartz:0
SHLVL=1
XPC_SERVICE_NAME=0
CONDA_PYTHON_EXE=/Users/Bob/opt/anaconda3/bin/python
PS1=\[\e[0;33m\]\u\[\e[0m\]@\[\e[0;32m\]\h\[\e[0m\]:\[\e[0;34m\]\W\[\e[0m\]\$ 
CONDA_DEFAULT_ENV=base
PATH=/Users/Bob/.gem/ruby/3.0.0/bin:/usr/local/opt/ruby/bin:/usr/local/Cellar/open-mpi/4.1.4/bin:/Users/Bob/opt/anaconda3/bin:/Users/Bob/opt/anaconda3/condabin:/usr/local/opt/coreutils/libexec/gnubin:/Users/Bob/dotfiles/Janeway/bin:/Users/Bob/dotfiles/bin:/usr/local/bin:/usr/bin:/bin:/usr/sbin:/sbin:/Library/TeX/texbin:/opt/X11/bin
DOTFILES_HOSTNAME=Capt-Janeway
OLDPWD=/Users/Bob
__CF_USER_TEXT_ENCODING=0x1F5:0x0:0x0
TERM_PROGRAM=iTerm.app
_=/usr/local/opt/coreutils/libexec/gnubin/printenv
